<?xml version="1.0" encoding="UTF-8"?>
<beans xmlns="http://www.springframework.org/schema/beans"
	xmlns:xsi="http://www.w3.org/2001/XMLSchema-instance" xmlns:context="http://www.springframework.org/schema/context"
	xmlns:jpa="http://www.springframework.org/schema/data/jpa" xmlns:p="http://www.springframework.org/schema/p"
	xmlns:repository="http://www.springframework.org/schema/data/repository"
	xmlns:tx="http://www.springframework.org/schema/tx"
	xsi:schemaLocation="http://www.springframework.org/schema/beans http://www.springframework.org/schema/beans/spring-beans.xsd
		http://www.springframework.org/schema/context http://www.springframework.org/schema/context/spring-context-3.1.xsd
		http://www.springframework.org/schema/data/jpa http://www.springframework.org/schema/data/jpa/spring-jpa-1.0.xsd
		http://www.springframework.org/schema/data/repository http://www.springframework.org/schema/data/repository/spring-repository-1.0.xsd
		http://www.springframework.org/schema/tx http://www.springframework.org/schema/tx/spring-tx-3.1.xsd">

	<jpa:repositories base-package="com.swg.acs.domain.repo"
		entity-manager-factory-ref="entityManagerFactory"
		transaction-manager-ref="transactionManager" />

	<context:property-placeholder location="classpath:META-INF/spring/database_hsql.properties" />
	<bean class="org.apache.commons.dbcp.BasicDataSource" id="dataSource"
		p:url="${database.url}" 
		p:driverClassName="${database.driverClassName}"
		p:username="${database.username}" 
		p:password="${database.password}" />

	<bean
		class="org.springframework.orm.jpa.LocalContainerEntityManagerFactoryBean"
		id="entityManagerFactory">
		<property name="dataSource" ref="dataSource" />
		<property name="persistenceUnitName" value="acs-test" />
		<property name="persistenceXmlLocation" value="classpath:META-INF/persistence.xml" />
		<property name="jpaVendorAdapter">
			<bean class="org.springframework.orm.jpa.vendor.HibernateJpaVendorAdapter">
				<property name="database" value="HSQL" />
				<property name="databasePlatform" value="org.hibernate.dialect.HSQLDialect" />
				<property name="generateDdl" value="true" />
				<property name="showSql" value="true" />
			</bean>
		</property>
		<property name="jpaProperties">
			<props>
				<prop key="hibernate.hbm2dll.auto">update</prop>
				<prop key="hibernate.ejb.naming_strategy">org.hibernate.cfg.ImprovedNamingStrategy</prop>
				<prop key="hibernate.connection.charSet">UTF-8</prop>
			</props>
		</property>
	</bean>

	<bean class="org.springframework.orm.jpa.JpaTransactionManager"
		id="transactionManager">
		<property name="dataSource" ref="dataSource" />
		<property name="entityManagerFactory" ref="entityManagerFactory" />
	</bean>

	<bean
		class="org.springframework.dao.annotation.PersistenceExceptionTranslationPostProcessor" />
</beans>
